生成启动时间为 2018-06-11 13:24:07。
     1>项目“H:\VS2015PROJECT\Gluttonous Snake\Gluttonous Snake\Gluttonous Snake.vcxproj”在节点 2 上(build 个目标)。
     1>InitializeBuildStatus:
         正在对“x64\Debug\Gluttonous Snake.unsuccessfulbuild”执行 Touch 任务。
       ClCompile:
         C:\Program Files (x86)\Microsoft Visual Studio 10.0\VC\bin\x86_amd64\CL.exe /c /Zi /nologo /W3 /WX- /Od /D _MBCS /Gm /EHsc /RTC1 /MDd /GS /fp:precise /Zc:wchar_t /Zc:forScope /Fo"x64\Debug\\" /Fd"x64\Debug\vc100.pdb" /Gd /TP /errorReport:prompt Snake.cpp
         Snake.cpp
       Link:
         C:\Program Files (x86)\Microsoft Visual Studio 10.0\VC\bin\x86_amd64\link.exe /ERRORREPORT:PROMPT /OUT:"H:\VS2015PROJECT\Gluttonous Snake\x64\Debug\Gluttonous Snake.exe" /NOLOGO kernel32.lib user32.lib gdi32.lib winspool.lib comdlg32.lib advapi32.lib shell32.lib ole32.lib oleaut32.lib uuid.lib odbc32.lib odbccp32.lib /MANIFEST /ManifestFile:"x64\Debug\Gluttonous Snake.exe.intermediate.manifest" /MANIFESTUAC:"level='asInvoker' uiAccess='false'" /PDB:"H:\VS2015PROJECT\Gluttonous Snake\x64\Debug\Gluttonous Snake.pdb" /TLBID:1 /DYNAMICBASE /NXCOMPAT /IMPLIB:"H:\VS2015PROJECT\Gluttonous Snake\x64\Debug\Gluttonous Snake.lib" /MACHINE:X64 x64\Debug\Console.obj
         x64\Debug\main.obj
         x64\Debug\Snake.obj
         x64\Debug\Window.obj
         Gluttonous Snake.vcxproj -> H:\VS2015PROJECT\Gluttonous Snake\x64\Debug\Gluttonous Snake.exe
       Manifest:
         C:\Program Files (x86)\Microsoft SDKs\Windows\v7.0A\bin\mt.exe /nologo /verbose /outputresource:"H:\VS2015PROJECT\Gluttonous Snake\x64\Debug\Gluttonous Snake.exe;#1" /manifest "x64\Debug\Gluttonous Snake.exe.intermediate.manifest"
       FinalizeBuildStatus:
         正在删除文件“x64\Debug\Gluttonous Snake.unsuccessfulbuild”。
         正在对“x64\Debug\Gluttonous Snake.lastbuildstate”执行 Touch 任务。
     1>已完成生成项目“H:\VS2015PROJECT\Gluttonous Snake\Gluttonous Snake\Gluttonous Snake.vcxproj”(build 个目标)的操作。

生成成功。

已用时间 00:00:02.23
